<?xml version="1.0" encoding="UTF-8"?>
<testsuite xmlns:xsi="http://www.w3.org/2001/XMLSchema-instance" xsi:noNamespaceSchemaLocation="https://maven.apache.org/surefire/maven-surefire-plugin/xsd/surefire-test-report-3.0.xsd" version="3.0" name="AppTest" time="0.358" tests="1" errors="0" skipped="0" failures="0">
  <properties>
    <property name="java.specification.version" value="24"/>
    <property name="sun.jnu.encoding" value="UTF-8"/>
    <property name="java.class.path" value="/Users/user/IdeaProjects/PP_2_1_2_Spring_HelloWorld/target/test-classes:/Users/user/IdeaProjects/PP_2_1_2_Spring_HelloWorld/target/classes:/Users/user/.m2/repository/org/springframework/spring-context/5.3.14/spring-context-5.3.14.jar:/Users/user/.m2/repository/org/springframework/spring-aop/5.3.14/spring-aop-5.3.14.jar:/Users/user/.m2/repository/org/springframework/spring-beans/5.3.14/spring-beans-5.3.14.jar:/Users/user/.m2/repository/org/springframework/spring-core/5.3.14/spring-core-5.3.14.jar:/Users/user/.m2/repository/org/springframework/spring-jcl/5.3.14/spring-jcl-5.3.14.jar:/Users/user/.m2/repository/org/springframework/spring-expression/5.3.14/spring-expression-5.3.14.jar:/Users/user/.m2/repository/org/springframework/spring-test/5.3.14/spring-test-5.3.14.jar:/Users/user/.m2/repository/org/scalatestplus/junit-4-12_2.13/3.1.1.0/junit-4-12_2.13-3.1.1.0.jar:/Users/user/.m2/repository/org/scala-lang/scala-library/2.13.1/scala-library-2.13.1.jar:/Users/user/.m2/repository/org/scalatest/scalatest_2.13/3.1.1/scalatest_2.13-3.1.1.jar:/Users/user/.m2/repository/org/scalactic/scalactic_2.13/3.1.1/scalactic_2.13-3.1.1.jar:/Users/user/.m2/repository/org/scala-lang/scala-reflect/2.13.1/scala-reflect-2.13.1.jar:/Users/user/.m2/repository/org/scala-lang/modules/scala-xml_2.13/1.2.0/scala-xml_2.13-1.2.0.jar:/Users/user/.m2/repository/junit/junit/4.12/junit-4.12.jar:/Users/user/.m2/repository/org/hamcrest/hamcrest-core/1.3/hamcrest-core-1.3.jar:"/>
    <property name="java.vm.vendor" value="Oracle Corporation"/>
    <property name="sun.arch.data.model" value="64"/>
    <property name="java.vendor.url" value="https://java.oracle.com/"/>
    <property name="os.name" value="Mac OS X"/>
    <property name="java.vm.specification.version" value="24"/>
    <property name="user.country" value="RU"/>
    <property name="sun.java.launcher" value="SUN_STANDARD"/>
    <property name="sun.boot.library.path" value="/Users/user/Library/Java/JavaVirtualMachines/openjdk-24.0.1/Contents/Home/lib"/>
    <property name="sun.java.command" value="/Users/user/IdeaProjects/PP_2_1_2_Spring_HelloWorld/target/surefire/surefirebooter-20250914041112047_3.jar /Users/user/IdeaProjects/PP_2_1_2_Spring_HelloWorld/target/surefire 2025-09-14T04-11-11_947-jvmRun1 surefire-20250914041112047_1tmp surefire_0-20250914041112047_2tmp"/>
    <property name="http.nonProxyHosts" value="local|*.local|169.254/16|*.169.254/16"/>
    <property name="jdk.debug" value="release"/>
    <property name="surefire.test.class.path" value="/Users/user/IdeaProjects/PP_2_1_2_Spring_HelloWorld/target/test-classes:/Users/user/IdeaProjects/PP_2_1_2_Spring_HelloWorld/target/classes:/Users/user/.m2/repository/org/springframework/spring-context/5.3.14/spring-context-5.3.14.jar:/Users/user/.m2/repository/org/springframework/spring-aop/5.3.14/spring-aop-5.3.14.jar:/Users/user/.m2/repository/org/springframework/spring-beans/5.3.14/spring-beans-5.3.14.jar:/Users/user/.m2/repository/org/springframework/spring-core/5.3.14/spring-core-5.3.14.jar:/Users/user/.m2/repository/org/springframework/spring-jcl/5.3.14/spring-jcl-5.3.14.jar:/Users/user/.m2/repository/org/springframework/spring-expression/5.3.14/spring-expression-5.3.14.jar:/Users/user/.m2/repository/org/springframework/spring-test/5.3.14/spring-test-5.3.14.jar:/Users/user/.m2/repository/org/scalatestplus/junit-4-12_2.13/3.1.1.0/junit-4-12_2.13-3.1.1.0.jar:/Users/user/.m2/repository/org/scala-lang/scala-library/2.13.1/scala-library-2.13.1.jar:/Users/user/.m2/repository/org/scalatest/scalatest_2.13/3.1.1/scalatest_2.13-3.1.1.jar:/Users/user/.m2/repository/org/scalactic/scalactic_2.13/3.1.1/scalactic_2.13-3.1.1.jar:/Users/user/.m2/repository/org/scala-lang/scala-reflect/2.13.1/scala-reflect-2.13.1.jar:/Users/user/.m2/repository/org/scala-lang/modules/scala-xml_2.13/1.2.0/scala-xml_2.13-1.2.0.jar:/Users/user/.m2/repository/junit/junit/4.12/junit-4.12.jar:/Users/user/.m2/repository/org/hamcrest/hamcrest-core/1.3/hamcrest-core-1.3.jar:"/>
    <property name="sun.cpu.endian" value="little"/>
    <property name="user.home" value="/Users/user"/>
    <property name="user.language" value="ru"/>
    <property name="java.specification.vendor" value="Oracle Corporation"/>
    <property name="java.version.date" value="2025-04-15"/>
    <property name="java.home" value="/Users/user/Library/Java/JavaVirtualMachines/openjdk-24.0.1/Contents/Home"/>
    <property name="file.separator" value="/"/>
    <property name="basedir" value="/Users/user/IdeaProjects/PP_2_1_2_Spring_HelloWorld"/>
    <property name="style.color" value="always"/>
    <property name="java.vm.compressedOopsMode" value="Zero based"/>
    <property name="line.separator" value="&#10;"/>
    <property name="java.vm.specification.vendor" value="Oracle Corporation"/>
    <property name="java.specification.name" value="Java Platform API Specification"/>
    <property name="apple.awt.application.name" value="ForkedBooter"/>
    <property name="surefire.real.class.path" value="/Users/user/IdeaProjects/PP_2_1_2_Spring_HelloWorld/target/surefire/surefirebooter-20250914041112047_3.jar"/>
    <property name="sun.management.compiler" value="HotSpot 64-Bit Tiered Compilers"/>
    <property name="ftp.nonProxyHosts" value="local|*.local|169.254/16|*.169.254/16"/>
    <property name="java.runtime.version" value="24.0.1+9-30"/>
    <property name="user.name" value="user"/>
    <property name="stdout.encoding" value="UTF-8"/>
    <property name="path.separator" value=":"/>
    <property name="os.version" value="15.5"/>
    <property name="java.runtime.name" value="OpenJDK Runtime Environment"/>
    <property name="file.encoding" value="UTF-8"/>
    <property name="java.vm.name" value="OpenJDK 64-Bit Server VM"/>
    <property name="maven.ext.class.path" value="/Applications/IntelliJ IDEA.app/Contents/plugins/maven/lib/maven-event-listener.jar"/>
    <property name="localRepository" value="/Users/user/.m2/repository"/>
    <property name="java.vendor.url.bug" value="https://bugreport.java.com/bugreport/"/>
    <property name="java.io.tmpdir" value="/var/folders/rw/y8xbg_m95xz16j91myds66c40000gn/T/"/>
    <property name="idea.version" value="2025.2"/>
    <property name="java.version" value="24.0.1"/>
    <property name="user.dir" value="/Users/user/IdeaProjects/PP_2_1_2_Spring_HelloWorld"/>
    <property name="os.arch" value="x86_64"/>
    <property name="jansi.passthrough" value="true"/>
    <property name="java.vm.specification.name" value="Java Virtual Machine Specification"/>
    <property name="native.encoding" value="UTF-8"/>
    <property name="java.library.path" value="/Users/user/Library/Java/Extensions:/Library/Java/Extensions:/Network/Library/Java/Extensions:/System/Library/Java/Extensions:/usr/lib/java:."/>
    <property name="java.vm.info" value="mixed mode, sharing"/>
    <property name="stderr.encoding" value="UTF-8"/>
    <property name="java.vendor" value="Oracle Corporation"/>
    <property name="java.vm.version" value="24.0.1+9-30"/>
    <property name="sun.io.unicode.encoding" value="UnicodeBig"/>
    <property name="socksNonProxyHosts" value="local|*.local|169.254/16|*.169.254/16"/>
    <property name="java.class.version" value="68.0"/>
  </properties>
  <testcase name="mainTest" classname="AppTest" time="0.009">
    <system-err><![CDATA[сент. 14, 2025 4:11:12 AM org.springframework.test.context.support.AbstractTestContextBootstrapper getDefaultTestExecutionListenerClassNames
INFO: Loaded default TestExecutionListener class names from location [META-INF/spring.factories]: [org.springframework.test.context.web.ServletTestExecutionListener, org.springframework.test.context.support.DirtiesContextBeforeModesTestExecutionListener, org.springframework.test.context.event.ApplicationEventsTestExecutionListener, org.springframework.test.context.support.DependencyInjectionTestExecutionListener, org.springframework.test.context.support.DirtiesContextTestExecutionListener, org.springframework.test.context.transaction.TransactionalTestExecutionListener, org.springframework.test.context.jdbc.SqlScriptsTestExecutionListener, org.springframework.test.context.event.EventPublishingTestExecutionListener]
сент. 14, 2025 4:11:12 AM org.springframework.test.context.support.AbstractTestContextBootstrapper getTestExecutionListeners
INFO: Using TestExecutionListeners: [org.springframework.test.context.support.DirtiesContextBeforeModesTestExecutionListener@4461c7e3, org.springframework.test.context.event.ApplicationEventsTestExecutionListener@351d0846, org.springframework.test.context.support.DependencyInjectionTestExecutionListener@77e4c80f, org.springframework.test.context.support.DirtiesContextTestExecutionListener@35fc6dc4, org.springframework.test.context.event.EventPublishingTestExecutionListener@7fe8ea47]
]]></system-err>
  </testcase>
</testsuite>